<?xml version="1.0" encoding="UTF-8"?>
<!-- Generated by org.testng.reporters.JUnitReportReporter -->
<testsuite skipped="0" hostname="Personal" name="com.testrunner.test1" tests="1" failures="0" timestamp="2020-04-12T20:06:22 IST" time="281.176" errors="0">
  <testcase name="feature" time="281.176" classname="com.testrunner.test1"/>
</testsuite> <!-- com.testrunner.test1 -->
