<?xml version="1.0" encoding="UTF-8"?>
<!-- Generated by org.testng.reporters.JUnitReportReporter -->
<testsuite skipped="0" hostname="Personal" name="com.testrunner.test1" tests="1" failures="0" timestamp="2020-04-15T15:15:49 IST" time="117.171" errors="0">
  <testcase name="feature" time="117.171" classname="com.testrunner.test1"/>
</testsuite> <!-- com.testrunner.test1 -->
